2026-03-20 12:28:07 start steps=5 out=/Users/yun/develop/RAG-orange/output/ config=scripts/private_scripts/config.env RUN_SNIPPET_RRF=0
2026-03-20 12:28:09 step 1 BM25 2s
2026-03-20 12:30:25 start steps=5 out=/Users/yun/develop/RAG-orange/output/ config=scripts/private_scripts/config.env RUN_SNIPPET_RRF=0
2026-03-20 12:30:25 step 1 BM25 skip
2026-03-20 12:30:40 step 2 Dense 15s
2026-03-20 12:30:46 step 3 Hybrid 6s
2026-03-20 12:35:38 start steps=5 out=/Users/yun/develop/RAG-orange/output/ config=scripts/private_scripts/config.env RUN_SNIPPET_RRF=0
2026-03-20 12:35:38 step 1 BM25 skip
2026-03-20 12:35:38 step 2 Dense skip
2026-03-20 12:35:38 step 3 Hybrid skip
2026-03-20 11:42:31 start steps=5 out=/work/output/ config=scripts/private_scripts/config.env RUN_SNIPPET_RRF=0
2026-03-20 11:42:31 step 1 BM25 skip
2026-03-20 11:42:31 step 2 Dense skip
2026-03-20 11:42:31 step 3 Hybrid skip
2026-03-20 11:44:19 start steps=5 out=/work/output/ config=scripts/private_scripts/config.env RUN_SNIPPET_RRF=0
2026-03-20 11:44:19 step 1 BM25 skip
2026-03-20 11:44:19 step 2 Dense skip
2026-03-20 11:44:19 step 3 Hybrid skip
2026-03-20 12:10:46 step 4 Reranker 1587s
2026-03-20 12:10:48 step 5 RRF 2s
2026-03-20 12:10:50 step Compare 2s
2026-03-20 12:10:50 step Compare200 skip (condition)
2026-03-20 12:31:49 start steps=5 out=/work/output/ config=scripts/private_scripts/config.env RUN_SNIPPET_RRF=0
2026-03-20 12:31:49 step 1 BM25 skip
2026-03-20 12:31:49 step 2 Dense skip
2026-03-20 12:31:49 step 3 Hybrid skip
2026-03-20 12:31:49 step 4 Reranker 0s
2026-03-20 12:31:49 step 5 RRF 0s
2026-03-20 12:31:49 step Compare skip
2026-03-20 12:31:49 step Compare200 skip (condition)
2026-03-20 12:32:00 start steps=5 out=/work/output/ config=scripts/private_scripts/config.env RUN_SNIPPET_RRF=0
2026-03-20 12:32:00 step 1 BM25 skip
2026-03-20 12:32:00 step 2 Dense skip
2026-03-20 12:32:00 step 3 Hybrid skip
2026-03-20 12:32:00 step 4 Reranker 0s
2026-03-20 12:32:00 step 5 RRF 0s
2026-03-20 12:32:00 step Compare skip
2026-03-20 12:32:00 step Compare200 skip (condition)
